bind() error¼hostname: googleapis.l.google.com
address: 216.58.220.202
connection...
process http...
---------------------------
{ "notification": {"title": "Warning","text": "Someone is coming now!","icon": "@mipmap/ic_launcher" },"to" : "fDfdcUtacEI:APA91bFVPoGj0z2xWYe4O5wdLkD2bfCFAkDidv_v86g-Ngli6w0ugwPOvVcyyflV8jV9Sdz86PSFk_fEtESEIgE55lxHt4LTfrnZ1ho3754mFqn-Gj0pSBXQsqFMyFhbzTXrJ04o7urK"}

----------------------
sendline : 
POST /gcm/send HTTP/1.0
Host: gcm-http.googleapis.com
Content-type: application/json
Authorization:key=AIzaSyBsXwYdDkYGVPz5Ks1QiTvTCkAtKr5UNbk
Content-length: 267

{ "notification": {"title": "Warning","text": "Someone is coming now!","icon": "@mipmap/ic_launcher" },"to" : "fDfdcUtacEI:APA91bFVPoGj0z2xWYe4O5wdLkD2bfCFAkDidv_v86g-Ngli6w0ugwPOvVcyyflV8jV9Sdz86PSFk_fEtESEIgE55lxHt4LTfrnZ1ho3754mFqn-Gj0pSBXQsqFMyFhbzTXrJ04o7urK"}

HTTP/1.0 200 OK
Content-Type: application/json; charset=UTF-8
Date: Mon, 02 Nov 2015 12:57:57 GMT
Expires: Mon, 02 Nov 2015 12:57:57 GMT
Cache-Control: private, max-age=0
X-Content-Type-Options: nosniff
X-Frame-Options: SAMEORIGIN
X-XSS-Protection: 1; mode=block
Server: GSE
Accept-Ranges: none
Vary: Accept-Encoding

{"multicast_id":8762648327764941677,"success":1,"failure":0,"canonical_ids":0,"results":[{"message_id":"0:1446469077179215%22dd07db22dd07db"}]}hostname: googleapis.l.google.com
address: 216.58.221.202
connection...
process http...
---------------------------
{ "notification": {"title": "Warning","text": "Someone is coming now!","icon": "@mipmap/ic_launcher" },"to" : "fDfdcUtacEI:APA91bFVPoGj0z2xWYe4O5wdLkD2bfCFAkDidv_v86g-Ngli6w0ugwPOvVcyyflV8jV9Sdz86PSFk_fEtESEIgE55lxHt4LTfrnZ1ho3754mFqn-Gj0pSBXQsqFMyFhbzTXrJ04o7urK"}

----------------------
sendline : 
POST /gcm/send HTTP/1.0
Host: gcm-http.googleapis.com
Content-type: application/json
Authorization:key=AIzaSyBsXwYdDkYGVPz5Ks1QiTvTCkAtKr5UNbk
Content-length: 267

{ "notification": {"title": "Warning","text": "Someone is coming now!","icon": "@mipmap/ic_launcher" },"to" : "fDfdcUtacEI:APA91bFVPoGj0z2xWYe4O5wdLkD2bfCFAkDidv_v86g-Ngli6w0ugwPOvVcyyflV8jV9Sdz86PSFk_fEtESEIgE55lxHt4LTfrnZ1ho3754mFqn-Gj0pSBXQsqFMyFhbzTXrJ04o7urK"}

HTTP/1.0 200 OK
Content-Type: application/json; charset=UTF-8
Date: Mon, 02 Nov 2015 13:32:42 GMT
Expires: Mon, 02 Nov 2015 13:32:42 GMT
Cache-Control: private, max-age=0
X-Content-Type-Options: nosniff
X-Frame-Options: SAMEORIGIN
X-XSS-Protection: 1; mode=block
Server: GSE
Accept-Ranges: none
Vary: Accept-Encoding

{"multicast_id":7578366062316102255,"success":1,"failure":0,"canonical_ids":0,"results":[{"message_id":"0:1446471162061258%22dd07db22dd07db"}]}